Lmod has detected the following error: These module(s) or extension(s) exist
but cannot be loaded as requested: "python"
   Try: "module spider python" to see how to load the module(s).




CommandNotFoundError: Your shell has not been properly configured to use 'conda activate'.
To initialize your shell, run

    $ conda init <SHELL_NAME>

Currently supported shells are:
  - bash
  - fish
  - tcsh
  - xonsh
  - zsh
  - powershell

See 'conda init --help' for more information and options.

IMPORTANT: You may need to close and restart your shell after running 'conda init'.


Traceback (most recent call last):
  File "/home/pdong/Astro UROP/trans_model.py", line 427, in <module>
    wandb.init(
    ^^^^^^^^^^
AttributeError: module 'wandb' has no attribute 'init'
