hi
True
torch diagonostics
2.5.1
12.4
True
start to load light curves
loaded files
finished loading lcs
10
Beginning training...
Epoch 1 | Train Loss: 14.27 | Valid Loss: 11.51
Epoch 1001 | Train Loss: 0.06 | Valid Loss: 0.08
Epoch 2001 | Train Loss: 0.05 | Valid Loss: 0.08
Epoch 3001 | Train Loss: 0.05 | Valid Loss: 0.07
Epoch 4001 | Train Loss: 0.05 | Valid Loss: 0.07
Epoch 5001 | Train Loss: 0.05 | Valid Loss: 0.07
Epoch 6001 | Train Loss: 0.05 | Valid Loss: 0.07
Epoch 7001 | Train Loss: 0.05 | Valid Loss: 0.06
Epoch 8001 | Train Loss: 0.04 | Valid Loss: 0.07
Epoch 9001 | Train Loss: 0.05 | Valid Loss: 0.07
Epoch 10001 | Train Loss: 0.04 | Valid Loss: 0.07
Epoch 11001 | Train Loss: 0.04 | Valid Loss: 0.07
Saved Model at /home/pdong/Astro UROP/models/more_bands_16384_10k.h5
losses saved!
done!
hi
True
torch diagonostics
2.5.1
12.4
True
start to load light curves
loaded files
Processed 10% of files
Processed 20% of files
Processed 30% of files
Processed 40% of files
Processed 50% of files
Processed 60% of files
Processed 70% of files
Processed 80% of files
Processed 90% of files
Processed 100% of files
finished loading lcs
16377
Beginning training...
Epoch 1 | Train Loss: 60.26 | Valid Loss: 54.56
Epoch 1001 | Train Loss: 1.94 | Valid Loss: 2.51
Epoch 2001 | Train Loss: 0.44 | Valid Loss: 0.58
Epoch 3001 | Train Loss: 0.33 | Valid Loss: 0.28
Epoch 4001 | Train Loss: 0.37 | Valid Loss: 0.11
Epoch 5001 | Train Loss: 0.20 | Valid Loss: 0.10
Epoch 6001 | Train Loss: 0.12 | Valid Loss: 0.12
Epoch 7001 | Train Loss: 0.14 | Valid Loss: 0.12
Epoch 8001 | Train Loss: 0.30 | Valid Loss: 0.11
Epoch 9001 | Train Loss: 0.16 | Valid Loss: 0.09
Epoch 10001 | Train Loss: 0.11 | Valid Loss: 0.08
done!
